{"uid":"aa04b97065476047","name":"checkHomePageTitle","fullName":"tests.Ui.ModsenTest.checkHomePageTitle","historyId":"e4e72e954c6c4d59c799d0d1614e8719","time":{"start":1685613350512,"stop":1685613353551,"duration":3039},"status":"failed","statusMessage":"Title is not equal to expected expected [Modsen123 | Modern Software Engineering] but found [Modsen | Modern Software Engineering]","statusTrace":"java.lang.AssertionError: Title is not equal to expected expected [Modsen123 | Modern Software Engineering] but found [Modsen | Modern Software Engineering]\n\tat org.testng.Assert.fail(Assert.java:94)\n\tat org.testng.Assert.failNotEquals(Assert.java:513)\n\tat org.testng.Assert.assertEqualsImpl(Assert.java:135)\n\tat org.testng.Assert.assertEquals(Assert.java:116)\n\tat org.testng.Assert.assertEquals(Assert.java:190)\n\tat tests.Ui.ModsenTest.checkHomePageTitle(ModsenTest.java:15)\n\tat java.base/jdk.internal.reflect.NativeMethodAccessorImpl.invoke0(Native Method)\n\tat java.base/jdk.internal.reflect.NativeMethodAccessorImpl.invoke(NativeMethodAccessorImpl.java:77)\n\tat java.base/jdk.internal.reflect.DelegatingMethodAccessorImpl.invoke(DelegatingMethodAccessorImpl.java:43)\n\tat java.base/java.lang.reflect.Method.invoke(Method.java:568)\n\tat org.testng.internal.MethodInvocationHelper.invokeMethod(MethodInvocationHelper.java:104)\n\tat org.testng.internal.Invoker.invokeMethod(Invoker.java:645)\n\tat org.testng.internal.Invoker.invokeTestMethod(Invoker.java:851)\n\tat org.testng.internal.Invoker.invokeTestMethods(Invoker.java:1177)\n\tat org.testng.internal.TestMethodWorker.invokeTestMethods(TestMethodWorker.java:129)\n\tat org.testng.internal.TestMethodWorker.run(TestMethodWorker.java:112)\n\tat org.testng.TestRunner.privateRun(TestRunner.java:756)\n\tat org.testng.TestRunner.run(TestRunner.java:610)\n\tat org.testng.SuiteRunner.runTest(SuiteRunner.java:387)\n\tat org.testng.SuiteRunner.runSequentially(SuiteRunner.java:382)\n\tat org.testng.SuiteRunner.privateRun(SuiteRunner.java:340)\n\tat org.testng.SuiteRunner.run(SuiteRunner.java:289)\n\tat org.testng.SuiteRunnerWorker.runSuite(SuiteRunnerWorker.java:52)\n\tat org.testng.SuiteRunnerWorker.run(SuiteRunnerWorker.java:86)\n\tat org.testng.TestNG.runSuitesSequentially(TestNG.java:1293)\n\tat org.testng.TestNG.runSuitesLocally(TestNG.java:1218)\n\tat org.testng.TestNG.runSuites(TestNG.java:1133)\n\tat org.testng.TestNG.run(TestNG.java:1104)\n\tat org.apache.maven.surefire.testng.TestNGExecutor.run(TestNGExecutor.java:135)\n\tat org.apache.maven.surefire.testng.TestNGDirectoryTestSuite.executeMulti(TestNGDirectoryTestSuite.java:193)\n\tat org.apache.maven.surefire.testng.TestNGDirectoryTestSuite.execute(TestNGDirectoryTestSuite.java:94)\n\tat org.apache.maven.surefire.testng.TestNGProvider.invoke(TestNGProvider.java:146)\n\tat org.apache.maven.surefire.booter.ForkedBooter.invokeProviderInSameClassLoader(ForkedBooter.java:386)\n\tat org.apache.maven.surefire.booter.ForkedBooter.runSuitesInProcess(ForkedBooter.java:323)\n\tat org.apache.maven.surefire.booter.ForkedBooter.main(ForkedBooter.java:143)\n","flaky":true,"newFailed":true,"newBroken":false,"newPassed":false,"retriesCount":0,"retriesStatusChange":false,"beforeStages":[{"name":"createContext","time":{"start":1685613328790,"stop":1685613346323,"duration":17533},"description":"","status":"passed","steps":[],"attachments":[],"parameters":[],"stepsCount":0,"attachmentsCount":0,"shouldDisplayMessage":false,"hasContent":false},{"name":"initializePlaywright","time":{"start":1685613346324,"stop":1685613346695,"duration":371},"description":"","status":"passed","steps":[],"attachments":[],"parameters":[],"stepsCount":0,"attachmentsCount":0,"shouldDisplayMessage":false,"hasContent":false},{"name":"initializeBrowserContextAndPage","time":{"start":1685613347769,"stop":1685613350469,"duration":2700},"description":"","status":"passed","steps":[],"attachments":[],"parameters":[],"stepsCount":0,"attachmentsCount":0,"shouldDisplayMessage":false,"hasContent":false}],"testStage":{"status":"failed","statusMessage":"Title is not equal to expected expected [Modsen123 | Modern Software Engineering] but found [Modsen | Modern Software Engineering]","statusTrace":"java.lang.AssertionError: Title is not equal to expected expected [Modsen123 | Modern Software Engineering] but found [Modsen | Modern Software Engineering]\n\tat org.testng.Assert.fail(Assert.java:94)\n\tat org.testng.Assert.failNotEquals(Assert.java:513)\n\tat org.testng.Assert.assertEqualsImpl(Assert.java:135)\n\tat org.testng.Assert.assertEquals(Assert.java:116)\n\tat org.testng.Assert.assertEquals(Assert.java:190)\n\tat tests.Ui.ModsenTest.checkHomePageTitle(ModsenTest.java:15)\n\tat java.base/jdk.internal.reflect.NativeMethodAccessorImpl.invoke0(Native Method)\n\tat java.base/jdk.internal.reflect.NativeMethodAccessorImpl.invoke(NativeMethodAccessorImpl.java:77)\n\tat java.base/jdk.internal.reflect.DelegatingMethodAccessorImpl.invoke(DelegatingMethodAccessorImpl.java:43)\n\tat java.base/java.lang.reflect.Method.invoke(Method.java:568)\n\tat org.testng.internal.MethodInvocationHelper.invokeMethod(MethodInvocationHelper.java:104)\n\tat org.testng.internal.Invoker.invokeMethod(Invoker.java:645)\n\tat org.testng.internal.Invoker.invokeTestMethod(Invoker.java:851)\n\tat org.testng.internal.Invoker.invokeTestMethods(Invoker.java:1177)\n\tat org.testng.internal.TestMethodWorker.invokeTestMethods(TestMethodWorker.java:129)\n\tat org.testng.internal.TestMethodWorker.run(TestMethodWorker.java:112)\n\tat org.testng.TestRunner.privateRun(TestRunner.java:756)\n\tat org.testng.TestRunner.run(TestRunner.java:610)\n\tat org.testng.SuiteRunner.runTest(SuiteRunner.java:387)\n\tat org.testng.SuiteRunner.runSequentially(SuiteRunner.java:382)\n\tat org.testng.SuiteRunner.privateRun(SuiteRunner.java:340)\n\tat org.testng.SuiteRunner.run(SuiteRunner.java:289)\n\tat org.testng.SuiteRunnerWorker.runSuite(SuiteRunnerWorker.java:52)\n\tat org.testng.SuiteRunnerWorker.run(SuiteRunnerWorker.java:86)\n\tat org.testng.TestNG.runSuitesSequentially(TestNG.java:1293)\n\tat org.testng.TestNG.runSuitesLocally(TestNG.java:1218)\n\tat org.testng.TestNG.runSuites(TestNG.java:1133)\n\tat org.testng.TestNG.run(TestNG.java:1104)\n\tat org.apache.maven.surefire.testng.TestNGExecutor.run(TestNGExecutor.java:135)\n\tat org.apache.maven.surefire.testng.TestNGDirectoryTestSuite.executeMulti(TestNGDirectoryTestSuite.java:193)\n\tat org.apache.maven.surefire.testng.TestNGDirectoryTestSuite.execute(TestNGDirectoryTestSuite.java:94)\n\tat org.apache.maven.surefire.testng.TestNGProvider.invoke(TestNGProvider.java:146)\n\tat org.apache.maven.surefire.booter.ForkedBooter.invokeProviderInSameClassLoader(ForkedBooter.java:386)\n\tat org.apache.maven.surefire.booter.ForkedBooter.runSuitesInProcess(ForkedBooter.java:323)\n\tat org.apache.maven.surefire.booter.ForkedBooter.main(ForkedBooter.java:143)\n","steps":[],"attachments":[{"uid":"599a393bd0603486","name":"failed_checkHomePageTitle_test","source":"599a393bd0603486.png","type":"image/png","size":2177833}],"parameters":[],"stepsCount":0,"attachmentsCount":1,"shouldDisplayMessage":true,"hasContent":true},"afterStages":[{"name":"closeBrowserContext","time":{"start":1685613353576,"stop":1685613353592,"duration":16},"description":"","status":"passed","steps":[],"attachments":[],"parameters":[],"stepsCount":0,"attachmentsCount":0,"shouldDisplayMessage":false,"hasContent":false},{"name":"disposingAndClosePw","time":{"start":1685613358365,"stop":1685613358377,"duration":12},"description":"","status":"passed","steps":[],"attachments":[],"parameters":[],"stepsCount":0,"attachmentsCount":0,"shouldDisplayMessage":false,"hasContent":false},{"name":"closeBrowserAndPlaywright","time":{"start":1685613358378,"stop":1685613359002,"duration":624},"description":"","status":"passed","steps":[],"attachments":[],"parameters":[],"stepsCount":0,"attachmentsCount":0,"shouldDisplayMessage":false,"hasContent":false}],"labels":[{"name":"package","value":"tests.Ui.ModsenTest"},{"name":"testClass","value":"tests.Ui.ModsenTest"},{"name":"testMethod","value":"checkHomePageTitle"},{"name":"parentSuite","value":"Surefire suite"},{"name":"suite","value":"Surefire test"},{"name":"subSuite","value":"tests.Ui.ModsenTest"},{"name":"host","value":"fv-az256-692"},{"name":"thread","value":"2377@fv-az256-692.main(1)"},{"name":"framework","value":"testng"},{"name":"language","value":"java"},{"name":"resultFormat","value":"allure2"}],"parameters":[],"links":[],"hidden":false,"retry":false,"extra":{"severity":"normal","retries":[],"categories":[{"name":"Product defects","matchedStatuses":[],"flaky":false}],"history":{"statistic":{"failed":2,"broken":0,"skipped":0,"passed":2,"unknown":0,"total":4},"items":[{"uid":"c0f19018a832d7e0","reportUrl":"https://yahorKrasouskiModsen.github.io/playwright-java-boilerplate/8//#testresult/c0f19018a832d7e0","status":"passed","time":{"start":1685610101666,"stop":1685610101944,"duration":278}},{"uid":"7fe966d45dc913ef","reportUrl":"https://yahorKrasouskiModsen.github.io/playwright-java-boilerplate/7//#testresult/7fe966d45dc913ef","status":"failed","statusDetails":"Title is not equal to expected expected [Modsen123 | Modern Software Engineering] but found [Modsen | Modern Software Engineering]","time":{"start":1685609831060,"stop":1685609833690,"duration":2630}},{"uid":"6fb52623bb6036c6","reportUrl":"https://yahorKrasouskiModsen.github.io/playwright-java-boilerplate/6//#testresult/6fb52623bb6036c6","status":"passed","time":{"start":1685353030147,"stop":1685353030233,"duration":86}}]},"tags":[]},"source":"aa04b97065476047.json","parameterValues":[]}